<?xml version="1.0" encoding="UTF-8"?>
<!-- Generated by org.testng.reporters.JUnitXMLReporter -->
<testsuite hostname="DESKTOP-AMOSNVQ" ignored="0" name="Sequential Test" tests="4" failures="2" timestamp="2021-05-06T01:50:57 EDT" time="42.69" errors="0">
  <testcase name="loginToApplication" time="13.11" classname="tests.Tutorials_Ninja_Login_Page_Test">
    <failure type="java.lang.AssertionError" message="expected [true] but found [false]">
      <![CDATA[java.lang.AssertionError: expected [true] but found [false]
at tests.Tutorials_Ninja_Login_Page_Test.loginToApplication(Tutorials_Ninja_Login_Page_Test.java:49)
at java.util.ArrayList.forEach(ArrayList.java:1259)
... Removed 31 stack frames]]>
    </failure>
  </testcase> <!-- loginToApplication -->
  <testcase name="verifyMyAccountPage" time="0.0" classname="tests.Tutorials_Ninja_MyAccount_Page_Test"/>
  <testcase name="openApplicationAndVerifyPage" time="0.001" classname="tests.Tutorials_Ninja_Landing_Page_Test"/>
  <testcase name="registerNewUser" time="0.001" classname="tests.Tutorials_Ninja_Register_Page_Test">
    <failure type="java.lang.AssertionError" message="expected [true] but found [false]">
      <![CDATA[java.lang.AssertionError: expected [true] but found [false]
at tests.Tutorials_Ninja_Register_Page_Test.registerNewUser(Tutorials_Ninja_Register_Page_Test.java:20)
at java.util.ArrayList.forEach(ArrayList.java:1259)
... Removed 31 stack frames]]>
    </failure>
  </testcase> <!-- registerNewUser -->
</testsuite> <!-- Sequential Test -->
