<?xml version="1.0" encoding="UTF-8"?>
<!-- Generated by org.testng.reporters.JUnitXMLReporter -->
<testsuite hostname="DESKTOP-AMOSNVQ" ignored="0" name="Test" tests="4" failures="1" timestamp="2021-05-06T01:16:42 EDT" time="36.912" errors="0">
  <testcase name="loginToApplication" time="12.76" classname="tests.Tutorials_Ninja_Login_Page_Test"/>
  <testcase name="verifyMyAccountPage" time="0.001" classname="tests.Tutorials_Ninja_MyAccount_Page_Test"/>
  <testcase name="openApplicationAndVerifyPage" time="0.001" classname="tests.Tutorials_Ninja_Landing_Page_Test"/>
  <testcase name="registerNewUser" time="0.002" classname="tests.Tutorials_Ninja_Register_Page_Test">
    <failure type="java.lang.AssertionError" message="expected [true] but found [false]">
      <![CDATA[java.lang.AssertionError: expected [true] but found [false]
at tests.Tutorials_Ninja_Register_Page_Test.registerNewUser(Tutorials_Ninja_Register_Page_Test.java:20)
at java.util.ArrayList.forEach(ArrayList.java:1259)
at java.util.concurrent.FutureTask.run(FutureTask.java:266)
at java.util.concurrent.ThreadPoolExecutor.runWorker(ThreadPoolExecutor.java:1149)
at java.util.concurrent.ThreadPoolExecutor$Worker.run(ThreadPoolExecutor.java:624)
at java.lang.Thread.run(Thread.java:748)
... Removed 22 stack frames]]>
    </failure>
  </testcase> <!-- registerNewUser -->
</testsuite> <!-- Test -->
