<?xml version="1.0" encoding="UTF-8"?>
<testng-results skipped="0" failed="1" ignored="0" total="4" passed="3">
  <reporter-output>
  </reporter-output>
  <suite name="Suite" duration-ms="28888" started-at="2021-05-06T03:28:07 EDT" finished-at="2021-05-06T03:28:35 EDT">
    <groups>
    </groups>
    <test name="Test2" duration-ms="17840" started-at="2021-05-06T03:28:07 EDT" finished-at="2021-05-06T03:28:24 EDT">
      <class name="tests.Tutorials_Ninja_MyAccount_Page_Test">
        <test-method status="PASS" signature="setup()[pri:0, instance:tests.Tutorials_Ninja_MyAccount_Page_Test@10e31a9a]" name="setup" is-config="true" duration-ms="15745" started-at="2021-05-06T03:28:07 EDT" finished-at="2021-05-06T03:28:22 EDT">
          <reporter-output>
          </reporter-output>
        </test-method> <!-- setup -->
        <test-method status="FAIL" signature="verifyMyAccountPage()[pri:0, instance:tests.Tutorials_Ninja_MyAccount_Page_Test@10e31a9a]" name="verifyMyAccountPage" duration-ms="5" started-at="2021-05-06T03:28:22 EDT" finished-at="2021-05-06T03:28:22 EDT">
          <exception class="java.lang.AssertionError">
            <message>
              <![CDATA[expected [true] but found [false]]]>
            </message>
            <full-stacktrace>
              <![CDATA[java.lang.AssertionError: expected [true] but found [false]
at org.testng.Assert.fail(Assert.java:99)
at org.testng.Assert.failNotEquals(Assert.java:1037)
at org.testng.Assert.assertTrue(Assert.java:45)
at org.testng.Assert.assertTrue(Assert.java:55)
at tests.Tutorials_Ninja_MyAccount_Page_Test.verifyMyAccountPage(Tutorials_Ninja_MyAccount_Page_Test.java:20)
at sun.reflect.NativeMethodAccessorImpl.invoke0(Native Method)
at sun.reflect.NativeMethodAccessorImpl.invoke(NativeMethodAccessorImpl.java:62)
at sun.reflect.DelegatingMethodAccessorImpl.invoke(DelegatingMethodAccessorImpl.java:43)
at java.lang.reflect.Method.invoke(Method.java:498)
at org.testng.internal.MethodInvocationHelper.invokeMethod(MethodInvocationHelper.java:132)
at org.testng.internal.TestInvoker.invokeMethod(TestInvoker.java:599)
at org.testng.internal.TestInvoker.invokeTestMethod(TestInvoker.java:174)
at org.testng.internal.MethodRunner.runInSequence(MethodRunner.java:46)
at org.testng.internal.TestInvoker$MethodInvocationAgent.invoke(TestInvoker.java:822)
at org.testng.internal.TestInvoker.invokeTestMethods(TestInvoker.java:147)
at org.testng.internal.TestMethodWorker.invokeTestMethods(TestMethodWorker.java:146)
at org.testng.internal.TestMethodWorker.run(TestMethodWorker.java:128)
at java.util.ArrayList.forEach(ArrayList.java:1259)
at org.testng.TestRunner.privateRun(TestRunner.java:764)
at org.testng.TestRunner.run(TestRunner.java:585)
at org.testng.SuiteRunner.runTest(SuiteRunner.java:384)
at org.testng.SuiteRunner.access$000(SuiteRunner.java:28)
at org.testng.SuiteRunner$SuiteWorker.run(SuiteRunner.java:425)
at org.testng.internal.thread.ThreadUtil.lambda$execute$0(ThreadUtil.java:66)
at java.util.concurrent.FutureTask.run(FutureTask.java:266)
at java.util.concurrent.ThreadPoolExecutor.runWorker(ThreadPoolExecutor.java:1149)
at java.util.concurrent.ThreadPoolExecutor$Worker.run(ThreadPoolExecutor.java:624)
at java.lang.Thread.run(Thread.java:748)
]]>
            </full-stacktrace>
          </exception> <!-- java.lang.AssertionError -->
          <reporter-output>
          </reporter-output>
        </test-method> <!-- verifyMyAccountPage -->
        <test-method status="PASS" signature="tearDown()[pri:0, instance:tests.Tutorials_Ninja_MyAccount_Page_Test@10e31a9a]" name="tearDown" is-config="true" duration-ms="1212" started-at="2021-05-06T03:28:23 EDT" finished-at="2021-05-06T03:28:24 EDT">
          <reporter-output>
          </reporter-output>
        </test-method> <!-- tearDown -->
      </class> <!-- tests.Tutorials_Ninja_MyAccount_Page_Test -->
    </test> <!-- Test2 -->
    <test name="Test4" duration-ms="19876" started-at="2021-05-06T03:28:07 EDT" finished-at="2021-05-06T03:28:26 EDT">
      <class name="tests.Tutorials_Ninja_Register_Page_Test">
        <test-method status="PASS" signature="setup()[pri:0, instance:tests.Tutorials_Ninja_Register_Page_Test@9597028]" name="setup" is-config="true" duration-ms="15730" started-at="2021-05-06T03:28:07 EDT" finished-at="2021-05-06T03:28:22 EDT">
          <reporter-output>
          </reporter-output>
        </test-method> <!-- setup -->
        <test-method status="PASS" signature="registerNewUser()[pri:0, instance:tests.Tutorials_Ninja_Register_Page_Test@9597028]" name="registerNewUser" duration-ms="1" started-at="2021-05-06T03:28:22 EDT" finished-at="2021-05-06T03:28:22 EDT">
          <reporter-output>
          </reporter-output>
        </test-method> <!-- registerNewUser -->
        <test-method status="PASS" signature="tearDown()[pri:0, instance:tests.Tutorials_Ninja_Register_Page_Test@9597028]" name="tearDown" is-config="true" duration-ms="4090" started-at="2021-05-06T03:28:22 EDT" finished-at="2021-05-06T03:28:26 EDT">
          <reporter-output>
          </reporter-output>
        </test-method> <!-- tearDown -->
      </class> <!-- tests.Tutorials_Ninja_Register_Page_Test -->
    </test> <!-- Test4 -->
    <test name="Test3" duration-ms="20215" started-at="2021-05-06T03:28:07 EDT" finished-at="2021-05-06T03:28:27 EDT">
      <class name="tests.Tutorials_Ninja_Landing_Page_Test">
        <test-method status="PASS" signature="setup()[pri:0, instance:tests.Tutorials_Ninja_Landing_Page_Test@5c33f1a9]" name="setup" is-config="true" duration-ms="14085" started-at="2021-05-06T03:28:07 EDT" finished-at="2021-05-06T03:28:21 EDT">
          <reporter-output>
          </reporter-output>
        </test-method> <!-- setup -->
        <test-method status="PASS" signature="openApplicationAndVerifyPage()[pri:0, instance:tests.Tutorials_Ninja_Landing_Page_Test@5c33f1a9]" name="openApplicationAndVerifyPage" duration-ms="34" started-at="2021-05-06T03:28:21 EDT" finished-at="2021-05-06T03:28:21 EDT">
          <reporter-output>
          </reporter-output>
        </test-method> <!-- openApplicationAndVerifyPage -->
        <test-method status="PASS" signature="tearDown()[pri:0, instance:tests.Tutorials_Ninja_Landing_Page_Test@5c33f1a9]" name="tearDown" is-config="true" duration-ms="6008" started-at="2021-05-06T03:28:21 EDT" finished-at="2021-05-06T03:28:27 EDT">
          <reporter-output>
          </reporter-output>
        </test-method> <!-- tearDown -->
      </class> <!-- tests.Tutorials_Ninja_Landing_Page_Test -->
    </test> <!-- Test3 -->
    <test name="Test1" duration-ms="28888" started-at="2021-05-06T03:28:07 EDT" finished-at="2021-05-06T03:28:35 EDT">
      <class name="tests.Tutorials_Ninja_Login_Page_Test">
        <test-method status="PASS" signature="setup()[pri:0, instance:tests.Tutorials_Ninja_Login_Page_Test@6379eb]" name="setup" is-config="true" duration-ms="14673" started-at="2021-05-06T03:28:07 EDT" finished-at="2021-05-06T03:28:21 EDT">
          <reporter-output>
          </reporter-output>
        </test-method> <!-- setup -->
        <test-method status="PASS" signature="loginToApplication(java.lang.String, java.lang.String, java.lang.String)[pri:0, instance:tests.Tutorials_Ninja_Login_Page_Test@6379eb]" name="loginToApplication" duration-ms="14081" started-at="2021-05-06T03:28:21 EDT" data-provider="getLoginData" finished-at="2021-05-06T03:28:35 EDT">
          <params>
            <param index="0">
              <value>
                <![CDATA[alok.kumar_barman@outlook.com]]>
              </value>
            </param>
            <param index="1">
              <value>
                <![CDATA[test@1234]]>
              </value>
            </param>
            <param index="2">
              <value>
                <![CDATA[Successful]]>
              </value>
            </param>
          </params>
          <reporter-output>
          </reporter-output>
        </test-method> <!-- loginToApplication -->
        <test-method status="PASS" signature="tearDown()[pri:0, instance:tests.Tutorials_Ninja_Login_Page_Test@6379eb]" name="tearDown" is-config="true" duration-ms="86" started-at="2021-05-06T03:28:35 EDT" finished-at="2021-05-06T03:28:35 EDT">
          <reporter-output>
          </reporter-output>
        </test-method> <!-- tearDown -->
      </class> <!-- tests.Tutorials_Ninja_Login_Page_Test -->
    </test> <!-- Test1 -->
  </suite> <!-- Suite -->
</testng-results>
